2018-01-16 11:33:27,309 - Log4JLogChute initialized using file 'velocity.log'
2018-01-16 11:33:27,310 - Initializing Velocity, Calling init()...
2018-01-16 11:33:27,310 - Starting Apache Velocity v1.7 (compiled: 2010-11-19 12:14:37)
2018-01-16 11:33:27,310 - Default Properties File: org\apache\velocity\runtime\defaults\velocity.properties
2018-01-16 11:33:27,310 - Trying to use logger class org.apache.velocity.runtime.log.AvalonLogChute
2018-01-16 11:33:27,310 - Target log system for org.apache.velocity.runtime.log.AvalonLogChute is not available (java.lang.NoClassDefFoundError: org/apache/log/Priority).  Falling back to next log system...
2018-01-16 11:33:27,310 - Trying to use logger class org.apache.velocity.runtime.log.Log4JLogChute
2018-01-16 11:33:27,311 - Using logger class org.apache.velocity.runtime.log.Log4JLogChute
2018-01-16 11:33:27,318 - ResourceLoader instantiated: org.apache.velocity.runtime.resource.loader.ClasspathResourceLoader
2018-01-16 11:33:27,335 - ResourceCache: initialized (class org.apache.velocity.runtime.resource.ResourceCacheImpl) with class java.util.Collections$SynchronizedMap cache map.
2018-01-16 11:33:27,340 - Loaded System Directive: org.apache.velocity.runtime.directive.Stop
2018-01-16 11:33:27,342 - Loaded System Directive: org.apache.velocity.runtime.directive.Define
2018-01-16 11:33:27,344 - Loaded System Directive: org.apache.velocity.runtime.directive.Break
2018-01-16 11:33:27,345 - Loaded System Directive: org.apache.velocity.runtime.directive.Evaluate
2018-01-16 11:33:27,347 - Loaded System Directive: org.apache.velocity.runtime.directive.Literal
2018-01-16 11:33:27,348 - Loaded System Directive: org.apache.velocity.runtime.directive.Macro
2018-01-16 11:33:27,351 - Loaded System Directive: org.apache.velocity.runtime.directive.Parse
2018-01-16 11:33:27,352 - Loaded System Directive: org.apache.velocity.runtime.directive.Include
2018-01-16 11:33:27,354 - Loaded System Directive: org.apache.velocity.runtime.directive.Foreach
2018-01-16 11:33:27,372 - Created '20' parsers.
2018-01-16 11:33:27,374 - Velocimacro : "velocimacro.library" is not set.  Trying default library: VM_global_library.vm
2018-01-16 11:33:27,376 - Could not load resource 'VM_global_library.vm' from ResourceLoader org.apache.velocity.runtime.resource.loader.ClasspathResourceLoader: ClasspathResourceLoader Error: cannot find resource VM_global_library.vm
2018-01-16 11:33:27,376 - Velocimacro : Default library not found.
2018-01-16 11:33:27,376 - Velocimacro : allowInline = true : VMs can be defined inline in templates
2018-01-16 11:33:27,376 - Velocimacro : allowInlineToOverride = false : VMs defined inline may NOT replace previous VM definitions
2018-01-16 11:33:27,376 - Velocimacro : allowInlineLocal = false : VMs defined inline will be global in scope if allowed.
2018-01-16 11:33:27,376 - Velocimacro : autoload off : VM system will not automatically reload global library macros
2018-01-16 11:33:27,401 - ResourceManager : found /templates/entity.java.vm with loader org.apache.velocity.runtime.resource.loader.ClasspathResourceLoader
2018-01-16 11:33:27,409 - Left side (${versionFieldName}) of '==' operation has null value. If it is a reference, it may not be in the context or its toString() returned null. /templates/entity.java.vm[line 72, column 26]
2018-01-16 11:33:27,409 - Left side (${logicDeleteFieldName}) of '==' operation has null value. If it is a reference, it may not be in the context or its toString() returned null. /templates/entity.java.vm[line 76, column 30]
2018-01-16 11:33:27,409 - Left side (${versionFieldName}) of '==' operation has null value. If it is a reference, it may not be in the context or its toString() returned null. /templates/entity.java.vm[line 72, column 26]
2018-01-16 11:33:27,409 - Left side (${logicDeleteFieldName}) of '==' operation has null value. If it is a reference, it may not be in the context or its toString() returned null. /templates/entity.java.vm[line 76, column 30]
2018-01-16 11:33:27,409 - Left side (${versionFieldName}) of '==' operation has null value. If it is a reference, it may not be in the context or its toString() returned null. /templates/entity.java.vm[line 72, column 26]
2018-01-16 11:33:27,409 - Left side (${logicDeleteFieldName}) of '==' operation has null value. If it is a reference, it may not be in the context or its toString() returned null. /templates/entity.java.vm[line 76, column 30]
2018-01-16 11:33:27,409 - Left side (${versionFieldName}) of '==' operation has null value. If it is a reference, it may not be in the context or its toString() returned null. /templates/entity.java.vm[line 72, column 26]
2018-01-16 11:33:27,409 - Left side (${logicDeleteFieldName}) of '==' operation has null value. If it is a reference, it may not be in the context or its toString() returned null. /templates/entity.java.vm[line 76, column 30]
2018-01-16 11:33:27,409 - Left side (${versionFieldName}) of '==' operation has null value. If it is a reference, it may not be in the context or its toString() returned null. /templates/entity.java.vm[line 72, column 26]
2018-01-16 11:33:27,409 - Left side (${logicDeleteFieldName}) of '==' operation has null value. If it is a reference, it may not be in the context or its toString() returned null. /templates/entity.java.vm[line 76, column 30]
2018-01-16 11:33:27,420 - ResourceManager : found /templates/mapper.java.vm with loader org.apache.velocity.runtime.resource.loader.ClasspathResourceLoader
2018-01-16 11:33:27,423 - ResourceManager : found /templates/mapper.xml.vm with loader org.apache.velocity.runtime.resource.loader.ClasspathResourceLoader
2018-01-16 11:33:27,429 - ResourceManager : found /templates/service.java.vm with loader org.apache.velocity.runtime.resource.loader.ClasspathResourceLoader
2018-01-16 11:33:27,432 - ResourceManager : found /templates/serviceImpl.java.vm with loader org.apache.velocity.runtime.resource.loader.ClasspathResourceLoader
2018-01-16 11:33:27,435 - ResourceManager : found /templates/controller.java.vm with loader org.apache.velocity.runtime.resource.loader.ClasspathResourceLoader
2018-06-06 10:47:23,603 - Log4JLogChute initialized using file 'velocity.log'
2018-06-06 10:47:23,603 - Initializing Velocity, Calling init()...
2018-06-06 10:47:23,603 - Starting Apache Velocity v1.7 (compiled: 2010-11-19 12:14:37)
2018-06-06 10:47:23,603 - Default Properties File: org\apache\velocity\runtime\defaults\velocity.properties
2018-06-06 10:47:23,603 - Trying to use logger class org.apache.velocity.runtime.log.AvalonLogChute
2018-06-06 10:47:23,603 - Target log system for org.apache.velocity.runtime.log.AvalonLogChute is not available (java.lang.NoClassDefFoundError: org/apache/log/Priority).  Falling back to next log system...
2018-06-06 10:47:23,603 - Trying to use logger class org.apache.velocity.runtime.log.Log4JLogChute
2018-06-06 10:47:23,603 - Using logger class org.apache.velocity.runtime.log.Log4JLogChute
2018-06-06 10:47:23,606 - ResourceLoader instantiated: org.apache.velocity.runtime.resource.loader.ClasspathResourceLoader
2018-06-06 10:47:23,615 - ResourceCache: initialized (class org.apache.velocity.runtime.resource.ResourceCacheImpl) with class java.util.Collections$SynchronizedMap cache map.
2018-06-06 10:47:23,618 - Loaded System Directive: org.apache.velocity.runtime.directive.Stop
2018-06-06 10:47:23,619 - Loaded System Directive: org.apache.velocity.runtime.directive.Define
2018-06-06 10:47:23,619 - Loaded System Directive: org.apache.velocity.runtime.directive.Break
2018-06-06 10:47:23,620 - Loaded System Directive: org.apache.velocity.runtime.directive.Evaluate
2018-06-06 10:47:23,621 - Loaded System Directive: org.apache.velocity.runtime.directive.Literal
2018-06-06 10:47:23,622 - Loaded System Directive: org.apache.velocity.runtime.directive.Macro
2018-06-06 10:47:23,623 - Loaded System Directive: org.apache.velocity.runtime.directive.Parse
2018-06-06 10:47:23,623 - Loaded System Directive: org.apache.velocity.runtime.directive.Include
2018-06-06 10:47:23,624 - Loaded System Directive: org.apache.velocity.runtime.directive.Foreach
2018-06-06 10:47:23,634 - Created '20' parsers.
2018-06-06 10:47:23,637 - Velocimacro : "velocimacro.library" is not set.  Trying default library: VM_global_library.vm
2018-06-06 10:47:23,638 - Could not load resource 'VM_global_library.vm' from ResourceLoader org.apache.velocity.runtime.resource.loader.ClasspathResourceLoader: ClasspathResourceLoader Error: cannot find resource VM_global_library.vm
2018-06-06 10:47:23,638 - Velocimacro : Default library not found.
2018-06-06 10:47:23,638 - Velocimacro : allowInline = true : VMs can be defined inline in templates
2018-06-06 10:47:23,638 - Velocimacro : allowInlineToOverride = false : VMs defined inline may NOT replace previous VM definitions
2018-06-06 10:47:23,638 - Velocimacro : allowInlineLocal = false : VMs defined inline will be global in scope if allowed.
2018-06-06 10:47:23,638 - Velocimacro : autoload off : VM system will not automatically reload global library macros
2018-06-06 10:47:23,658 - ResourceManager : found /templates/entity.java.vm with loader org.apache.velocity.runtime.resource.loader.ClasspathResourceLoader
2018-06-06 10:47:23,668 - Left side (${versionFieldName}) of '==' operation has null value. If it is a reference, it may not be in the context or its toString() returned null. /templates/entity.java.vm[line 72, column 26]
2018-06-06 10:47:23,668 - Left side (${logicDeleteFieldName}) of '==' operation has null value. If it is a reference, it may not be in the context or its toString() returned null. /templates/entity.java.vm[line 76, column 30]
2018-06-06 10:47:23,668 - Left side (${versionFieldName}) of '==' operation has null value. If it is a reference, it may not be in the context or its toString() returned null. /templates/entity.java.vm[line 72, column 26]
2018-06-06 10:47:23,668 - Left side (${logicDeleteFieldName}) of '==' operation has null value. If it is a reference, it may not be in the context or its toString() returned null. /templates/entity.java.vm[line 76, column 30]
2018-06-06 10:47:23,668 - Left side (${versionFieldName}) of '==' operation has null value. If it is a reference, it may not be in the context or its toString() returned null. /templates/entity.java.vm[line 72, column 26]
2018-06-06 10:47:23,668 - Left side (${logicDeleteFieldName}) of '==' operation has null value. If it is a reference, it may not be in the context or its toString() returned null. /templates/entity.java.vm[line 76, column 30]
2018-06-06 10:47:23,668 - Left side (${versionFieldName}) of '==' operation has null value. If it is a reference, it may not be in the context or its toString() returned null. /templates/entity.java.vm[line 72, column 26]
2018-06-06 10:47:23,668 - Left side (${logicDeleteFieldName}) of '==' operation has null value. If it is a reference, it may not be in the context or its toString() returned null. /templates/entity.java.vm[line 76, column 30]
2018-06-06 10:47:23,668 - Left side (${versionFieldName}) of '==' operation has null value. If it is a reference, it may not be in the context or its toString() returned null. /templates/entity.java.vm[line 72, column 26]
2018-06-06 10:47:23,668 - Left side (${logicDeleteFieldName}) of '==' operation has null value. If it is a reference, it may not be in the context or its toString() returned null. /templates/entity.java.vm[line 76, column 30]
2018-06-06 10:47:23,668 - Left side (${versionFieldName}) of '==' operation has null value. If it is a reference, it may not be in the context or its toString() returned null. /templates/entity.java.vm[line 72, column 26]
2018-06-06 10:47:23,668 - Left side (${logicDeleteFieldName}) of '==' operation has null value. If it is a reference, it may not be in the context or its toString() returned null. /templates/entity.java.vm[line 76, column 30]
2018-06-06 10:47:23,668 - Left side (${versionFieldName}) of '==' operation has null value. If it is a reference, it may not be in the context or its toString() returned null. /templates/entity.java.vm[line 72, column 26]
2018-06-06 10:47:23,668 - Left side (${logicDeleteFieldName}) of '==' operation has null value. If it is a reference, it may not be in the context or its toString() returned null. /templates/entity.java.vm[line 76, column 30]
2018-06-06 10:47:23,669 - Left side (${versionFieldName}) of '==' operation has null value. If it is a reference, it may not be in the context or its toString() returned null. /templates/entity.java.vm[line 72, column 26]
2018-06-06 10:47:23,669 - Left side (${logicDeleteFieldName}) of '==' operation has null value. If it is a reference, it may not be in the context or its toString() returned null. /templates/entity.java.vm[line 76, column 30]
2018-06-06 10:47:23,674 - ResourceManager : found /templates/mapper.java.vm with loader org.apache.velocity.runtime.resource.loader.ClasspathResourceLoader
2018-06-06 10:47:23,677 - ResourceManager : found /templates/mapper.xml.vm with loader org.apache.velocity.runtime.resource.loader.ClasspathResourceLoader
2018-06-06 10:47:23,680 - ResourceManager : found /templates/service.java.vm with loader org.apache.velocity.runtime.resource.loader.ClasspathResourceLoader
2018-06-06 10:47:23,687 - ResourceManager : found /templates/serviceImpl.java.vm with loader org.apache.velocity.runtime.resource.loader.ClasspathResourceLoader
2018-06-06 10:47:23,690 - ResourceManager : found /templates/controller.java.vm with loader org.apache.velocity.runtime.resource.loader.ClasspathResourceLoader
