2018-06-06 09:51:32,827 [INFO] [restartedMain] com.stylefeng.guns.GunsApplication [StartupInfoLogger.java : 48] Starting GunsApplication on tk with PID 11488 (D:\Workspaces\intellijIDEA\guns\guns-admin\target\classes started by tk in D:\Workspaces\intellijIDEA\guns\guns-admin)
2018-06-06 09:51:32,836 [DEBUG] [restartedMain] com.stylefeng.guns.GunsApplication [StartupInfoLogger.java : 51] Running with Spring Boot v1.5.3.RELEASE, Spring v4.3.8.RELEASE
2018-06-06 09:51:32,836 [INFO] [restartedMain] com.stylefeng.guns.GunsApplication [SpringApplication.java : 641] The following profiles are active: dev
2018-06-06 09:51:32,906 [INFO] [restartedMain] o.s.b.c.e.AnnotationConfigEmbeddedWebApplicationContext [AbstractApplicationContext.java : 582] Refreshing org.springframework.boot.context.embedded.AnnotationConfigEmbeddedWebApplicationContext@5b785d3: startup date [Wed Jun 06 09:51:32 CST 2018]; root of context hierarchy
2018-06-06 09:51:36,888 [INFO] [restartedMain] o.s.data.repository.config.RepositoryConfigurationDelegate [RepositoryConfigurationDelegate.java : 165] Multiple Spring Data modules found, entering strict repository configuration mode!
2018-06-06 09:51:37,573 [INFO] [restartedMain] o.s.c.s.PostProcessorRegistrationDelegate$BeanPostProcessorChecker [PostProcessorRegistrationDelegate.java : 325] Bean 'shiroConfig' of type [com.stylefeng.guns.config.web.ShiroConfig$$EnhancerBySpringCGLIB$$801c5306] is not eligible for getting processed by all BeanPostProcessors (for example: not eligible for auto-proxying)
2018-06-06 09:51:37,649 [INFO] [restartedMain] o.s.c.s.PostProcessorRegistrationDelegate$BeanPostProcessorChecker [PostProcessorRegistrationDelegate.java : 325] Bean 'webConfig' of type [com.stylefeng.guns.config.web.WebConfig$$EnhancerBySpringCGLIB$$1a00e449] is not eligible for getting processed by all BeanPostProcessors (for example: not eligible for auto-proxying)
2018-06-06 09:51:37,676 [INFO] [restartedMain] o.s.c.s.PostProcessorRegistrationDelegate$BeanPostProcessorChecker [PostProcessorRegistrationDelegate.java : 325] Bean 'rememberMeCookie' of type [org.apache.shiro.web.servlet.SimpleCookie] is not eligible for getting processed by all BeanPostProcessors (for example: not eligible for auto-proxying)
2018-06-06 09:51:38,096 [INFO] [restartedMain] o.s.c.s.PostProcessorRegistrationDelegate$BeanPostProcessorChecker [PostProcessorRegistrationDelegate.java : 325] Bean 'rememberMeManager' of type [org.apache.shiro.web.mgt.CookieRememberMeManager] is not eligible for getting processed by all BeanPostProcessors (for example: not eligible for auto-proxying)
2018-06-06 09:51:38,106 [INFO] [restartedMain] o.s.c.s.PostProcessorRegistrationDelegate$BeanPostProcessorChecker [PostProcessorRegistrationDelegate.java : 325] Bean 'ehCacheConfig' of type [com.stylefeng.guns.config.EhCacheConfig$$EnhancerBySpringCGLIB$$8b2bd30e] is not eligible for getting processed by all BeanPostProcessors (for example: not eligible for auto-proxying)
2018-06-06 09:51:38,115 [INFO] [restartedMain] org.springframework.cache.ehcache.EhCacheManagerFactoryBean [EhCacheManagerFactoryBean.java : 130] Initializing EhCache CacheManager
2018-06-06 09:51:38,244 [INFO] [restartedMain] o.s.c.s.PostProcessorRegistrationDelegate$BeanPostProcessorChecker [PostProcessorRegistrationDelegate.java : 325] Bean 'ehcache' of type [org.springframework.cache.ehcache.EhCacheManagerFactoryBean] is not eligible for getting processed by all BeanPostProcessors (for example: not eligible for auto-proxying)
2018-06-06 09:51:38,253 [INFO] [restartedMain] o.s.c.s.PostProcessorRegistrationDelegate$BeanPostProcessorChecker [PostProcessorRegistrationDelegate.java : 325] Bean 'getCacheShiroManager' of type [org.apache.shiro.cache.ehcache.EhCacheManager] is not eligible for getting processed by all BeanPostProcessors (for example: not eligible for auto-proxying)
2018-06-06 09:51:38,420 [INFO] [restartedMain] o.s.c.s.PostProcessorRegistrationDelegate$BeanPostProcessorChecker [PostProcessorRegistrationDelegate.java : 325] Bean 'gunsProperties' of type [com.stylefeng.guns.config.properties.GunsProperties] is not eligible for getting processed by all BeanPostProcessors (for example: not eligible for auto-proxying)
2018-06-06 09:51:38,453 [INFO] [restartedMain] o.s.c.s.PostProcessorRegistrationDelegate$BeanPostProcessorChecker [PostProcessorRegistrationDelegate.java : 325] Bean 'defaultWebSessionManager' of type [org.apache.shiro.web.session.mgt.DefaultWebSessionManager] is not eligible for getting processed by all BeanPostProcessors (for example: not eligible for auto-proxying)
2018-06-06 09:51:38,489 [INFO] [restartedMain] o.s.c.s.PostProcessorRegistrationDelegate$BeanPostProcessorChecker [PostProcessorRegistrationDelegate.java : 325] Bean 'shiroDbRealm' of type [com.stylefeng.guns.core.shiro.ShiroDbRealm] is not eligible for getting processed by all BeanPostProcessors (for example: not eligible for auto-proxying)
2018-06-06 09:51:38,490 [INFO] [restartedMain] org.apache.shiro.cache.ehcache.EhCacheManager [EhCacheManager.java : 158] Cache with name 'com.stylefeng.guns.core.shiro.ShiroDbRealm.authorizationCache' does not yet exist.  Creating now.
2018-06-06 09:51:38,500 [INFO] [restartedMain] org.apache.shiro.cache.ehcache.EhCacheManager [EhCacheManager.java : 165] Added EhCache named [com.stylefeng.guns.core.shiro.ShiroDbRealm.authorizationCache]
2018-06-06 09:51:38,526 [INFO] [restartedMain] o.s.c.s.PostProcessorRegistrationDelegate$BeanPostProcessorChecker [PostProcessorRegistrationDelegate.java : 325] Bean 'securityManager' of type [org.apache.shiro.web.mgt.DefaultWebSecurityManager] is not eligible for getting processed by all BeanPostProcessors (for example: not eligible for auto-proxying)
2018-06-06 09:51:38,543 [INFO] [restartedMain] o.s.c.s.PostProcessorRegistrationDelegate$BeanPostProcessorChecker [PostProcessorRegistrationDelegate.java : 325] Bean 'methodInvokingFactoryBean' of type [org.springframework.beans.factory.config.MethodInvokingFactoryBean] is not eligible for getting processed by all BeanPostProcessors (for example: not eligible for auto-proxying)
2018-06-06 09:51:38,640 [INFO] [restartedMain] o.s.c.s.PostProcessorRegistrationDelegate$BeanPostProcessorChecker [PostProcessorRegistrationDelegate.java : 325] Bean 'authorizationAttributeSourceAdvisor' of type [org.apache.shiro.spring.security.interceptor.AuthorizationAttributeSourceAdvisor] is not eligible for getting processed by all BeanPostProcessors (for example: not eligible for auto-proxying)
2018-06-06 09:51:38,651 [INFO] [restartedMain] o.s.c.s.PostProcessorRegistrationDelegate$BeanPostProcessorChecker [PostProcessorRegistrationDelegate.java : 325] Bean 'druidStatPointcut' of type [org.springframework.aop.support.JdkRegexpMethodPointcut] is not eligible for getting processed by all BeanPostProcessors (for example: not eligible for auto-proxying)
2018-06-06 09:51:38,679 [INFO] [restartedMain] o.s.c.s.PostProcessorRegistrationDelegate$BeanPostProcessorChecker [PostProcessorRegistrationDelegate.java : 325] Bean 'druidStatInterceptor' of type [com.alibaba.druid.support.spring.stat.DruidStatInterceptor] is not eligible for getting processed by all BeanPostProcessors (for example: not eligible for auto-proxying)
2018-06-06 09:51:38,689 [INFO] [restartedMain] o.s.c.s.PostProcessorRegistrationDelegate$BeanPostProcessorChecker [PostProcessorRegistrationDelegate.java : 325] Bean 'druidStatAdvisor' of type [org.springframework.aop.support.DefaultPointcutAdvisor] is not eligible for getting processed by all BeanPostProcessors (for example: not eligible for auto-proxying)
2018-06-06 09:51:38,775 [INFO] [restartedMain] o.s.c.s.PostProcessorRegistrationDelegate$BeanPostProcessorChecker [PostProcessorRegistrationDelegate.java : 325] Bean 'org.springframework.transaction.annotation.ProxyTransactionManagementConfiguration' of type [org.springframework.transaction.annotation.ProxyTransactionManagementConfiguration$$EnhancerBySpringCGLIB$$6dc7dacb] is not eligible for getting processed by all BeanPostProcessors (for example: not eligible for auto-proxying)
2018-06-06 09:51:39,030 [INFO] [restartedMain] o.s.c.s.PostProcessorRegistrationDelegate$BeanPostProcessorChecker [PostProcessorRegistrationDelegate.java : 325] Bean 'org.springframework.cache.annotation.ProxyCachingConfiguration' of type [org.springframework.cache.annotation.ProxyCachingConfiguration$$EnhancerBySpringCGLIB$$b6da10e9] is not eligible for getting processed by all BeanPostProcessors (for example: not eligible for auto-proxying)
2018-06-06 09:51:40,109 [INFO] [restartedMain] o.s.b.context.embedded.tomcat.TomcatEmbeddedServletContainer [TomcatEmbeddedServletContainer.java : 89] Tomcat initialized with port(s): 80 (http)
2018-06-06 09:51:40,120 [INFO] [restartedMain] org.apache.catalina.core.StandardService [DirectJDKLog.java : 179] Starting service Tomcat
2018-06-06 09:51:40,122 [INFO] [restartedMain] org.apache.catalina.core.StandardEngine [DirectJDKLog.java : 179] Starting Servlet Engine: Apache Tomcat/8.5.14
2018-06-06 09:51:40,261 [INFO] [localhost-startStop-1] o.a.catalina.core.ContainerBase.[Tomcat].[localhost].[/] [DirectJDKLog.java : 179] Initializing Spring embedded WebApplicationContext
2018-06-06 09:51:40,261 [INFO] [localhost-startStop-1] org.springframework.web.context.ContextLoader [EmbeddedWebApplicationContext.java : 276] Root WebApplicationContext: initialization completed in 7355 ms
2018-06-06 09:51:41,096 [INFO] [localhost-startStop-1] org.springframework.boot.web.servlet.ServletRegistrationBean [ServletRegistrationBean.java : 190] Mapping servlet: 'statViewServlet' to [/druid/*]
2018-06-06 09:51:41,098 [INFO] [localhost-startStop-1] org.springframework.boot.web.servlet.ServletRegistrationBean [ServletRegistrationBean.java : 190] Mapping servlet: 'dispatcherServlet' to [/]
2018-06-06 09:51:41,108 [INFO] [localhost-startStop-1] org.springframework.boot.web.servlet.FilterRegistrationBean [AbstractFilterRegistrationBean.java : 258] Mapping filter: 'characterEncodingFilter' to: [/*]
2018-06-06 09:51:41,108 [INFO] [localhost-startStop-1] org.springframework.boot.web.servlet.FilterRegistrationBean [AbstractFilterRegistrationBean.java : 258] Mapping filter: 'hiddenHttpMethodFilter' to: [/*]
2018-06-06 09:51:41,109 [INFO] [localhost-startStop-1] org.springframework.boot.web.servlet.FilterRegistrationBean [AbstractFilterRegistrationBean.java : 258] Mapping filter: 'httpPutFormContentFilter' to: [/*]
2018-06-06 09:51:41,109 [INFO] [localhost-startStop-1] org.springframework.boot.web.servlet.FilterRegistrationBean [AbstractFilterRegistrationBean.java : 258] Mapping filter: 'requestContextFilter' to: [/*]
2018-06-06 09:51:41,109 [INFO] [localhost-startStop-1] org.springframework.boot.web.servlet.FilterRegistrationBean [AbstractFilterRegistrationBean.java : 271] Mapping filter: 'webStatFilter' to urls: [/*]
2018-06-06 09:51:41,109 [INFO] [localhost-startStop-1] org.springframework.boot.web.servlet.FilterRegistrationBean [AbstractFilterRegistrationBean.java : 271] Mapping filter: 'xssFilter' to urls: [/*]
2018-06-06 09:51:41,109 [INFO] [localhost-startStop-1] org.springframework.boot.web.servlet.FilterRegistrationBean [AbstractFilterRegistrationBean.java : 258] Mapping filter: 'shiroFilter' to: [/*]
2018-06-06 09:51:46,429 [INFO] [restartedMain] org.flowable.engine.impl.cfg.ProcessEngineConfigurationImpl [ProcessEngineConfigurationImpl.java : 1230] Found 1 Process Engine Configurators in total:
2018-06-06 09:51:46,429 [INFO] [restartedMain] org.flowable.engine.impl.cfg.ProcessEngineConfigurationImpl [ProcessEngineConfigurationImpl.java : 1232] class org.flowable.spring.configurator.SpringIdmEngineConfigurator (priority:100000)
2018-06-06 09:51:46,429 [INFO] [restartedMain] org.flowable.engine.impl.cfg.ProcessEngineConfigurationImpl [ProcessEngineConfigurationImpl.java : 1242] Executing beforeInit() of class org.flowable.spring.configurator.SpringIdmEngineConfigurator (priority:100000)
2018-06-06 09:51:46,999 [INFO] [restartedMain] org.flowable.engine.impl.cfg.ProcessEngineConfigurationImpl [ProcessEngineConfigurationImpl.java : 1361] Executing configure() of class org.flowable.spring.configurator.SpringIdmEngineConfigurator (priority:100000)
2018-06-06 09:51:47,143 [INFO] [restartedMain] org.flowable.idm.engine.impl.IdmEngineImpl [IdmEngineImpl.java : 51] IdmEngine default created
2018-06-06 09:51:47,180 [INFO] [restartedMain] org.flowable.engine.impl.ProcessEngineImpl [ProcessEngineImpl.java : 84] ProcessEngine default created
2018-06-06 09:51:47,183 [INFO] [restartedMain] o.f.job.service.impl.asyncexecutor.AbstractAsyncExecutor [AbstractAsyncExecutor.java : 114] Starting up the async job executor [org.flowable.spring.SpringAsyncExecutor].
2018-06-06 09:51:47,184 [INFO] [Thread-38] o.f.j.service.impl.asyncexecutor.AcquireAsyncJobsDueRunnable [AcquireAsyncJobsDueRunnable.java : 52] starting to acquire async jobs due
2018-06-06 09:51:47,184 [INFO] [Thread-40] o.f.job.service.impl.asyncexecutor.ResetExpiredJobsRunnable [ResetExpiredJobsRunnable.java : 56] starting to reset expired jobs
2018-06-06 09:51:47,184 [INFO] [Thread-39] o.f.job.service.impl.asyncexecutor.AcquireTimerJobsRunnable [AcquireTimerJobsRunnable.java : 50] starting to acquire async jobs due
2018-06-06 09:51:47,245 [INFO] [restartedMain] org.flowable.engine.impl.cmd.ValidateV5EntitiesCmd [ValidateV5EntitiesCmd.java : 43] Total of v5 deployments found: 0
2018-06-06 09:51:49,137 [INFO] [restartedMain] org.springframework.aop.framework.CglibAopProxy [CglibAopProxy.java : 274] Method [java.util.List springfox.documentation.schema.property.OptimizedModelPropertiesProvider.candidateProperties(com.fasterxml.classmate.ResolvedType,com.fasterxml.jackson.databind.introspect.AnnotatedMember,com.fasterxml.jackson.databind.introspect.BeanPropertyDefinition,springfox.documentation.spi.schema.contexts.ModelContext)] is package-visible across different ClassLoaders and cannot get proxied via CGLIB: Declare this method as public or protected if you need to support invocations through the proxy.
2018-06-06 09:51:50,168 [INFO] [restartedMain] o.s.w.s.mvc.method.annotation.RequestMappingHandlerMapping [AbstractHandlerMethodMapping.java : 543] Mapped "{[/code/generate],methods=[POST]}" onto public java.lang.Object com.stylefeng.guns.modular.code.controller.CodeController.generate(com.stylefeng.guns.generator.action.model.GenQo)
2018-06-06 09:51:50,170 [INFO] [restartedMain] o.s.w.s.mvc.method.annotation.RequestMappingHandlerMapping [AbstractHandlerMethodMapping.java : 543] Mapped "{[/code]}" onto public java.lang.String com.stylefeng.guns.modular.code.controller.CodeController.blackboard(org.springframework.ui.Model)
2018-06-06 09:51:50,172 [INFO] [restartedMain] o.s.w.s.mvc.method.annotation.RequestMappingHandlerMapping [AbstractHandlerMethodMapping.java : 543] Mapped "{[/expense]}" onto public java.lang.String com.stylefeng.guns.modular.flowable.controller.ExpenseController.index()
2018-06-06 09:51:50,172 [INFO] [restartedMain] o.s.w.s.mvc.method.annotation.RequestMappingHandlerMapping [AbstractHandlerMethodMapping.java : 543] Mapped "{[/expense/add]}" onto public java.lang.Object com.stylefeng.guns.modular.flowable.controller.ExpenseController.add(com.stylefeng.guns.common.persistence.model.Expense)
2018-06-06 09:51:50,172 [INFO] [restartedMain] o.s.w.s.mvc.method.annotation.RequestMappingHandlerMapping [AbstractHandlerMethodMapping.java : 543] Mapped "{[/expense/update]}" onto public java.lang.Object com.stylefeng.guns.modular.flowable.controller.ExpenseController.update(com.stylefeng.guns.common.persistence.model.Expense)
2018-06-06 09:51:50,173 [INFO] [restartedMain] o.s.w.s.mvc.method.annotation.RequestMappingHandlerMapping [AbstractHandlerMethodMapping.java : 543] Mapped "{[/expense/delete]}" onto public java.lang.Object com.stylefeng.guns.modular.flowable.controller.ExpenseController.delete(java.lang.Integer)
2018-06-06 09:51:50,173 [INFO] [restartedMain] o.s.w.s.mvc.method.annotation.RequestMappingHandlerMapping [AbstractHandlerMethodMapping.java : 543] Mapped "{[/expense/list]}" onto public java.lang.Object com.stylefeng.guns.modular.flowable.controller.ExpenseController.list(java.lang.String)
2018-06-06 09:51:50,174 [INFO] [restartedMain] o.s.w.s.mvc.method.annotation.RequestMappingHandlerMapping [AbstractHandlerMethodMapping.java : 543] Mapped "{[/expense/detail/{expenseId}]}" onto public java.lang.Object com.stylefeng.guns.modular.flowable.controller.ExpenseController.detail(java.lang.Integer)
2018-06-06 09:51:50,174 [INFO] [restartedMain] o.s.w.s.mvc.method.annotation.RequestMappingHandlerMapping [AbstractHandlerMethodMapping.java : 543] Mapped "{[/expense/expense_add]}" onto public java.lang.String com.stylefeng.guns.modular.flowable.controller.ExpenseController.expenseAdd()
2018-06-06 09:51:50,174 [INFO] [restartedMain] o.s.w.s.mvc.method.annotation.RequestMappingHandlerMapping [AbstractHandlerMethodMapping.java : 543] Mapped "{[/expense/expense_update/{expenseId}]}" onto public void com.stylefeng.guns.modular.flowable.controller.ExpenseController.expenseView(java.lang.Integer)
2018-06-06 09:51:50,175 [INFO] [restartedMain] o.s.w.s.mvc.method.annotation.RequestMappingHandlerMapping [AbstractHandlerMethodMapping.java : 543] Mapped "{[/process]}" onto public java.lang.String com.stylefeng.guns.modular.flowable.controller.ProcessController.index()
2018-06-06 09:51:50,176 [INFO] [restartedMain] o.s.w.s.mvc.method.annotation.RequestMappingHandlerMapping [AbstractHandlerMethodMapping.java : 543] Mapped "{[/process/list]}" onto public java.lang.Object com.stylefeng.guns.modular.flowable.controller.ProcessController.list(java.lang.String)
2018-06-06 09:51:50,176 [INFO] [restartedMain] o.s.w.s.mvc.method.annotation.RequestMappingHandlerMapping [AbstractHandlerMethodMapping.java : 543] Mapped "{[/process/unPass]}" onto public java.lang.Object com.stylefeng.guns.modular.flowable.controller.ProcessController.unPass(java.lang.String)
2018-06-06 09:51:50,177 [INFO] [restartedMain] o.s.w.s.mvc.method.annotation.RequestMappingHandlerMapping [AbstractHandlerMethodMapping.java : 543] Mapped "{[/process/pass]}" onto public java.lang.Object com.stylefeng.guns.modular.flowable.controller.ProcessController.pass(java.lang.String)
2018-06-06 09:51:50,180 [INFO] [restartedMain] o.s.w.s.mvc.method.annotation.RequestMappingHandlerMapping [AbstractHandlerMethodMapping.java : 543] Mapped "{[/tHouse]}" onto public java.lang.String com.stylefeng.guns.modular.houseManage.controller.THouseController.index()
2018-06-06 09:51:50,180 [INFO] [restartedMain] o.s.w.s.mvc.method.annotation.RequestMappingHandlerMapping [AbstractHandlerMethodMapping.java : 543] Mapped "{[/tHouse/add]}" onto public java.lang.Object com.stylefeng.guns.modular.houseManage.controller.THouseController.add(com.stylefeng.guns.common.persistence.model.THouse)
2018-06-06 09:51:50,181 [INFO] [restartedMain] o.s.w.s.mvc.method.annotation.RequestMappingHandlerMapping [AbstractHandlerMethodMapping.java : 543] Mapped "{[/tHouse/update]}" onto public java.lang.Object com.stylefeng.guns.modular.houseManage.controller.THouseController.update(com.stylefeng.guns.common.persistence.model.THouse)
2018-06-06 09:51:50,181 [INFO] [restartedMain] o.s.w.s.mvc.method.annotation.RequestMappingHandlerMapping [AbstractHandlerMethodMapping.java : 543] Mapped "{[/tHouse/delete]}" onto public java.lang.Object com.stylefeng.guns.modular.houseManage.controller.THouseController.delete(java.lang.String)
2018-06-06 09:51:50,182 [INFO] [restartedMain] o.s.w.s.mvc.method.annotation.RequestMappingHandlerMapping [AbstractHandlerMethodMapping.java : 543] Mapped "{[/tHouse/list]}" onto public java.lang.Object com.stylefeng.guns.modular.houseManage.controller.THouseController.list(java.lang.String)
2018-06-06 09:51:50,182 [INFO] [restartedMain] o.s.w.s.mvc.method.annotation.RequestMappingHandlerMapping [AbstractHandlerMethodMapping.java : 543] Mapped "{[/tHouse/detail/{tHouseId}]}" onto public java.lang.Object com.stylefeng.guns.modular.houseManage.controller.THouseController.detail(java.lang.Integer)
2018-06-06 09:51:50,182 [INFO] [restartedMain] o.s.w.s.mvc.method.annotation.RequestMappingHandlerMapping [AbstractHandlerMethodMapping.java : 543] Mapped "{[/tHouse/tHouse_update/{tHouseId}]}" onto public java.lang.String com.stylefeng.guns.modular.houseManage.controller.THouseController.tHouseUpdate(java.lang.Integer,org.springframework.ui.Model)
2018-06-06 09:51:50,183 [INFO] [restartedMain] o.s.w.s.mvc.method.annotation.RequestMappingHandlerMapping [AbstractHandlerMethodMapping.java : 543] Mapped "{[/tHouse/tHouse_add]}" onto public java.lang.String com.stylefeng.guns.modular.houseManage.controller.THouseController.tHouseAdd()
2018-06-06 09:51:50,183 [INFO] [restartedMain] o.s.w.s.mvc.method.annotation.RequestMappingHandlerMapping [AbstractHandlerMethodMapping.java : 543] Mapped "{[/blackboard]}" onto public java.lang.String com.stylefeng.guns.modular.system.controller.BlackboardController.blackboard(org.springframework.ui.Model)
2018-06-06 09:51:50,185 [INFO] [restartedMain] o.s.w.s.mvc.method.annotation.RequestMappingHandlerMapping [AbstractHandlerMethodMapping.java : 543] Mapped "{[/dept]}" onto public java.lang.String com.stylefeng.guns.modular.system.controller.DeptController.index()
2018-06-06 09:51:50,185 [INFO] [restartedMain] o.s.w.s.mvc.method.annotation.RequestMappingHandlerMapping [AbstractHandlerMethodMapping.java : 543] Mapped "{[/dept/add]}" onto public java.lang.Object com.stylefeng.guns.modular.system.controller.DeptController.add(com.stylefeng.guns.common.persistence.model.Dept)
2018-06-06 09:51:50,186 [INFO] [restartedMain] o.s.w.s.mvc.method.annotation.RequestMappingHandlerMapping [AbstractHandlerMethodMapping.java : 543] Mapped "{[/dept/update]}" onto public java.lang.Object com.stylefeng.guns.modular.system.controller.DeptController.update(com.stylefeng.guns.common.persistence.model.Dept)
2018-06-06 09:51:50,186 [INFO] [restartedMain] o.s.w.s.mvc.method.annotation.RequestMappingHandlerMapping [AbstractHandlerMethodMapping.java : 543] Mapped "{[/dept/delete]}" onto public java.lang.Object com.stylefeng.guns.modular.system.controller.DeptController.delete(java.lang.Integer)
2018-06-06 09:51:50,186 [INFO] [restartedMain] o.s.w.s.mvc.method.annotation.RequestMappingHandlerMapping [AbstractHandlerMethodMapping.java : 543] Mapped "{[/dept/list]}" onto public java.lang.Object com.stylefeng.guns.modular.system.controller.DeptController.list(java.lang.String)
2018-06-06 09:51:50,187 [INFO] [restartedMain] o.s.w.s.mvc.method.annotation.RequestMappingHandlerMapping [AbstractHandlerMethodMapping.java : 543] Mapped "{[/dept/tree]}" onto public java.util.List<com.stylefeng.guns.core.node.ZTreeNode> com.stylefeng.guns.modular.system.controller.DeptController.tree()
2018-06-06 09:51:50,187 [INFO] [restartedMain] o.s.w.s.mvc.method.annotation.RequestMappingHandlerMapping [AbstractHandlerMethodMapping.java : 543] Mapped "{[/dept/detail/{deptId}]}" onto public java.lang.Object com.stylefeng.guns.modular.system.controller.DeptController.detail(java.lang.Integer)
2018-06-06 09:51:50,188 [INFO] [restartedMain] o.s.w.s.mvc.method.annotation.RequestMappingHandlerMapping [AbstractHandlerMethodMapping.java : 543] Mapped "{[/dept/dept_add]}" onto public java.lang.String com.stylefeng.guns.modular.system.controller.DeptController.deptAdd()
2018-06-06 09:51:50,188 [INFO] [restartedMain] o.s.w.s.mvc.method.annotation.RequestMappingHandlerMapping [AbstractHandlerMethodMapping.java : 543] Mapped "{[/dept/dept_update/{deptId}]}" onto public java.lang.String com.stylefeng.guns.modular.system.controller.DeptController.deptUpdate(java.lang.Integer,org.springframework.ui.Model)
2018-06-06 09:51:50,189 [INFO] [restartedMain] o.s.w.s.mvc.method.annotation.RequestMappingHandlerMapping [AbstractHandlerMethodMapping.java : 543] Mapped "{[/dict]}" onto public java.lang.String com.stylefeng.guns.modular.system.controller.DictController.index()
2018-06-06 09:51:50,189 [INFO] [restartedMain] o.s.w.s.mvc.method.annotation.RequestMappingHandlerMapping [AbstractHandlerMethodMapping.java : 543] Mapped "{[/dict/add]}" onto public java.lang.Object com.stylefeng.guns.modular.system.controller.DictController.add(java.lang.String,java.lang.String)
2018-06-06 09:51:50,190 [INFO] [restartedMain] o.s.w.s.mvc.method.annotation.RequestMappingHandlerMapping [AbstractHandlerMethodMapping.java : 543] Mapped "{[/dict/update]}" onto public java.lang.Object com.stylefeng.guns.modular.system.controller.DictController.update(java.lang.Integer,java.lang.String,java.lang.String)
2018-06-06 09:51:50,190 [INFO] [restartedMain] o.s.w.s.mvc.method.annotation.RequestMappingHandlerMapping [AbstractHandlerMethodMapping.java : 543] Mapped "{[/dict/delete]}" onto public java.lang.Object com.stylefeng.guns.modular.system.controller.DictController.delete(java.lang.Integer)
2018-06-06 09:51:50,191 [INFO] [restartedMain] o.s.w.s.mvc.method.annotation.RequestMappingHandlerMapping [AbstractHandlerMethodMapping.java : 543] Mapped "{[/dict/list]}" onto public java.lang.Object com.stylefeng.guns.modular.system.controller.DictController.list(java.lang.String)
2018-06-06 09:51:50,191 [INFO] [restartedMain] o.s.w.s.mvc.method.annotation.RequestMappingHandlerMapping [AbstractHandlerMethodMapping.java : 543] Mapped "{[/dict/detail/{dictId}]}" onto public java.lang.Object com.stylefeng.guns.modular.system.controller.DictController.detail(java.lang.Integer)
2018-06-06 09:51:50,191 [INFO] [restartedMain] o.s.w.s.mvc.method.annotation.RequestMappingHandlerMapping [AbstractHandlerMethodMapping.java : 543] Mapped "{[/dict/dict_add]}" onto public java.lang.String com.stylefeng.guns.modular.system.controller.DictController.deptAdd()
2018-06-06 09:51:50,192 [INFO] [restartedMain] o.s.w.s.mvc.method.annotation.RequestMappingHandlerMapping [AbstractHandlerMethodMapping.java : 543] Mapped "{[/dict/dict_edit/{dictId}]}" onto public java.lang.String com.stylefeng.guns.modular.system.controller.DictController.deptUpdate(java.lang.Integer,org.springframework.ui.Model)
2018-06-06 09:51:50,192 [INFO] [restartedMain] o.s.w.s.mvc.method.annotation.RequestMappingHandlerMapping [AbstractHandlerMethodMapping.java : 543] Mapped "{[/kaptcha]}" onto public void com.stylefeng.guns.modular.system.controller.KaptchaController.index(javax.servlet.http.HttpServletRequest,javax.servlet.http.HttpServletResponse)
2018-06-06 09:51:50,192 [INFO] [restartedMain] o.s.w.s.mvc.method.annotation.RequestMappingHandlerMapping [AbstractHandlerMethodMapping.java : 543] Mapped "{[/kaptcha/{pictureId}]}" onto public void com.stylefeng.guns.modular.system.controller.KaptchaController.renderPicture(java.lang.String,javax.servlet.http.HttpServletResponse)
2018-06-06 09:51:50,193 [INFO] [restartedMain] o.s.w.s.mvc.method.annotation.RequestMappingHandlerMapping [AbstractHandlerMethodMapping.java : 543] Mapped "{[/log]}" onto public java.lang.String com.stylefeng.guns.modular.system.controller.LogController.index()
2018-06-06 09:51:50,194 [INFO] [restartedMain] o.s.w.s.mvc.method.annotation.RequestMappingHandlerMapping [AbstractHandlerMethodMapping.java : 543] Mapped "{[/log/list]}" onto public java.lang.Object com.stylefeng.guns.modular.system.controller.LogController.list(java.lang.String,java.lang.String,java.lang.String,java.lang.Integer)
2018-06-06 09:51:50,194 [INFO] [restartedMain] o.s.w.s.mvc.method.annotation.RequestMappingHandlerMapping [AbstractHandlerMethodMapping.java : 543] Mapped "{[/log/detail/{id}]}" onto public java.lang.Object com.stylefeng.guns.modular.system.controller.LogController.detail(java.lang.Integer)
2018-06-06 09:51:50,194 [INFO] [restartedMain] o.s.w.s.mvc.method.annotation.RequestMappingHandlerMapping [AbstractHandlerMethodMapping.java : 543] Mapped "{[/log/delLog]}" onto public java.lang.Object com.stylefeng.guns.modular.system.controller.LogController.delLog()
2018-06-06 09:51:50,195 [INFO] [restartedMain] o.s.w.s.mvc.method.annotation.RequestMappingHandlerMapping [AbstractHandlerMethodMapping.java : 543] Mapped "{[/],methods=[GET]}" onto public java.lang.String com.stylefeng.guns.modular.system.controller.LoginController.index(org.springframework.ui.Model)
2018-06-06 09:51:50,196 [INFO] [restartedMain] o.s.w.s.mvc.method.annotation.RequestMappingHandlerMapping [AbstractHandlerMethodMapping.java : 543] Mapped "{[/logout],methods=[GET]}" onto public java.lang.String com.stylefeng.guns.modular.system.controller.LoginController.logOut()
2018-06-06 09:51:50,196 [INFO] [restartedMain] o.s.w.s.mvc.method.annotation.RequestMappingHandlerMapping [AbstractHandlerMethodMapping.java : 543] Mapped "{[/login],methods=[POST]}" onto public java.lang.String com.stylefeng.guns.modular.system.controller.LoginController.loginVali()
2018-06-06 09:51:50,196 [INFO] [restartedMain] o.s.w.s.mvc.method.annotation.RequestMappingHandlerMapping [AbstractHandlerMethodMapping.java : 543] Mapped "{[/login],methods=[GET]}" onto public java.lang.String com.stylefeng.guns.modular.system.controller.LoginController.login()
2018-06-06 09:51:50,197 [INFO] [restartedMain] o.s.w.s.mvc.method.annotation.RequestMappingHandlerMapping [AbstractHandlerMethodMapping.java : 543] Mapped "{[/loginLog]}" onto public java.lang.String com.stylefeng.guns.modular.system.controller.LoginLogController.index()
2018-06-06 09:51:50,197 [INFO] [restartedMain] o.s.w.s.mvc.method.annotation.RequestMappingHandlerMapping [AbstractHandlerMethodMapping.java : 543] Mapped "{[/loginLog/list]}" onto public java.lang.Object com.stylefeng.guns.modular.system.controller.LoginLogController.list(java.lang.String,java.lang.String,java.lang.String)
2018-06-06 09:51:50,198 [INFO] [restartedMain] o.s.w.s.mvc.method.annotation.RequestMappingHandlerMapping [AbstractHandlerMethodMapping.java : 543] Mapped "{[/loginLog/delLoginLog]}" onto public java.lang.Object com.stylefeng.guns.modular.system.controller.LoginLogController.delLog()
2018-06-06 09:51:50,199 [INFO] [restartedMain] o.s.w.s.mvc.method.annotation.RequestMappingHandlerMapping [AbstractHandlerMethodMapping.java : 543] Mapped "{[/menu]}" onto public java.lang.String com.stylefeng.guns.modular.system.controller.MenuController.index()
2018-06-06 09:51:50,200 [INFO] [restartedMain] o.s.w.s.mvc.method.annotation.RequestMappingHandlerMapping [AbstractHandlerMethodMapping.java : 543] Mapped "{[/menu/add]}" onto public com.stylefeng.guns.core.base.tips.Tip com.stylefeng.guns.modular.system.controller.MenuController.add(com.stylefeng.guns.common.persistence.model.Menu,org.springframework.validation.BindingResult)
2018-06-06 09:51:50,200 [INFO] [restartedMain] o.s.w.s.mvc.method.annotation.RequestMappingHandlerMapping [AbstractHandlerMethodMapping.java : 543] Mapped "{[/menu/remove]}" onto public com.stylefeng.guns.core.base.tips.Tip com.stylefeng.guns.modular.system.controller.MenuController.remove(java.lang.Long)
2018-06-06 09:51:50,201 [INFO] [restartedMain] o.s.w.s.mvc.method.annotation.RequestMappingHandlerMapping [AbstractHandlerMethodMapping.java : 543] Mapped "{[/menu/list]}" onto public java.lang.Object com.stylefeng.guns.modular.system.controller.MenuController.list(java.lang.String,java.lang.String)
2018-06-06 09:51:50,201 [INFO] [restartedMain] o.s.w.s.mvc.method.annotation.RequestMappingHandlerMapping [AbstractHandlerMethodMapping.java : 543] Mapped "{[/menu/view/{menuId}]}" onto public com.stylefeng.guns.core.base.tips.Tip com.stylefeng.guns.modular.system.controller.MenuController.view(java.lang.Long)
2018-06-06 09:51:50,201 [INFO] [restartedMain] o.s.w.s.mvc.method.annotation.RequestMappingHandlerMapping [AbstractHandlerMethodMapping.java : 543] Mapped "{[/menu/selectMenuTreeList]}" onto public java.util.List<com.stylefeng.guns.core.node.ZTreeNode> com.stylefeng.guns.modular.system.controller.MenuController.selectMenuTreeList()
2018-06-06 09:51:50,202 [INFO] [restartedMain] o.s.w.s.mvc.method.annotation.RequestMappingHandlerMapping [AbstractHandlerMethodMapping.java : 543] Mapped "{[/menu/menuTreeListByRoleId/{roleId}]}" onto public java.util.List<com.stylefeng.guns.core.node.ZTreeNode> com.stylefeng.guns.modular.system.controller.MenuController.menuTreeListByRoleId(java.lang.Integer)
2018-06-06 09:51:50,202 [INFO] [restartedMain] o.s.w.s.mvc.method.annotation.RequestMappingHandlerMapping [AbstractHandlerMethodMapping.java : 543] Mapped "{[/menu/menu_add]}" onto public java.lang.String com.stylefeng.guns.modular.system.controller.MenuController.menuAdd()
2018-06-06 09:51:50,202 [INFO] [restartedMain] o.s.w.s.mvc.method.annotation.RequestMappingHandlerMapping [AbstractHandlerMethodMapping.java : 543] Mapped "{[/menu/edit]}" onto public com.stylefeng.guns.core.base.tips.Tip com.stylefeng.guns.modular.system.controller.MenuController.edit(com.stylefeng.guns.common.persistence.model.Menu,org.springframework.validation.BindingResult)
2018-06-06 09:51:50,203 [INFO] [restartedMain] o.s.w.s.mvc.method.annotation.RequestMappingHandlerMapping [AbstractHandlerMethodMapping.java : 543] Mapped "{[/menu/menu_edit/{menuId}]}" onto public java.lang.String com.stylefeng.guns.modular.system.controller.MenuController.menuEdit(java.lang.Long,org.springframework.ui.Model)
2018-06-06 09:51:50,203 [INFO] [restartedMain] o.s.w.s.mvc.method.annotation.RequestMappingHandlerMapping [AbstractHandlerMethodMapping.java : 543] Mapped "{[/menu/menuTreeList]}" onto public java.util.List<com.stylefeng.guns.core.node.ZTreeNode> com.stylefeng.guns.modular.system.controller.MenuController.menuTreeList()
2018-06-06 09:51:50,205 [INFO] [restartedMain] o.s.w.s.mvc.method.annotation.RequestMappingHandlerMapping [AbstractHandlerMethodMapping.java : 543] Mapped "{[/notice]}" onto public java.lang.String com.stylefeng.guns.modular.system.controller.NoticeController.index()
2018-06-06 09:51:50,205 [INFO] [restartedMain] o.s.w.s.mvc.method.annotation.RequestMappingHandlerMapping [AbstractHandlerMethodMapping.java : 543] Mapped "{[/notice/add]}" onto public java.lang.Object com.stylefeng.guns.modular.system.controller.NoticeController.add(com.stylefeng.guns.common.persistence.model.Notice)
2018-06-06 09:51:50,205 [INFO] [restartedMain] o.s.w.s.mvc.method.annotation.RequestMappingHandlerMapping [AbstractHandlerMethodMapping.java : 543] Mapped "{[/notice/update]}" onto public java.lang.Object com.stylefeng.guns.modular.system.controller.NoticeController.update(com.stylefeng.guns.common.persistence.model.Notice)
2018-06-06 09:51:50,206 [INFO] [restartedMain] o.s.w.s.mvc.method.annotation.RequestMappingHandlerMapping [AbstractHandlerMethodMapping.java : 543] Mapped "{[/notice/delete]}" onto public java.lang.Object com.stylefeng.guns.modular.system.controller.NoticeController.delete(java.lang.Integer)
2018-06-06 09:51:50,206 [INFO] [restartedMain] o.s.w.s.mvc.method.annotation.RequestMappingHandlerMapping [AbstractHandlerMethodMapping.java : 543] Mapped "{[/notice/list]}" onto public java.lang.Object com.stylefeng.guns.modular.system.controller.NoticeController.list(java.lang.String)
2018-06-06 09:51:50,207 [INFO] [restartedMain] o.s.w.s.mvc.method.annotation.RequestMappingHandlerMapping [AbstractHandlerMethodMapping.java : 543] Mapped "{[/notice/notice_update/{noticeId}]}" onto public java.lang.String com.stylefeng.guns.modular.system.controller.NoticeController.noticeUpdate(java.lang.Integer,org.springframework.ui.Model)
2018-06-06 09:51:50,207 [INFO] [restartedMain] o.s.w.s.mvc.method.annotation.RequestMappingHandlerMapping [AbstractHandlerMethodMapping.java : 543] Mapped "{[/notice/notice_add]}" onto public java.lang.String com.stylefeng.guns.modular.system.controller.NoticeController.noticeAdd()
2018-06-06 09:51:50,207 [INFO] [restartedMain] o.s.w.s.mvc.method.annotation.RequestMappingHandlerMapping [AbstractHandlerMethodMapping.java : 543] Mapped "{[/notice/hello]}" onto public java.lang.String com.stylefeng.guns.modular.system.controller.NoticeController.hello()
2018-06-06 09:51:50,209 [INFO] [restartedMain] o.s.w.s.mvc.method.annotation.RequestMappingHandlerMapping [AbstractHandlerMethodMapping.java : 543] Mapped "{[/role]}" onto public java.lang.String com.stylefeng.guns.modular.system.controller.RoleController.index()
2018-06-06 09:51:50,209 [INFO] [restartedMain] o.s.w.s.mvc.method.annotation.RequestMappingHandlerMapping [AbstractHandlerMethodMapping.java : 543] Mapped "{[/role/add]}" onto public com.stylefeng.guns.core.base.tips.Tip com.stylefeng.guns.modular.system.controller.RoleController.add(com.stylefeng.guns.common.persistence.model.Role,org.springframework.validation.BindingResult)
2018-06-06 09:51:50,209 [INFO] [restartedMain] o.s.w.s.mvc.method.annotation.RequestMappingHandlerMapping [AbstractHandlerMethodMapping.java : 543] Mapped "{[/role/remove]}" onto public com.stylefeng.guns.core.base.tips.Tip com.stylefeng.guns.modular.system.controller.RoleController.remove(java.lang.Integer)
2018-06-06 09:51:50,210 [INFO] [restartedMain] o.s.w.s.mvc.method.annotation.RequestMappingHandlerMapping [AbstractHandlerMethodMapping.java : 543] Mapped "{[/role/list]}" onto public java.lang.Object com.stylefeng.guns.modular.system.controller.RoleController.list(java.lang.String)
2018-06-06 09:51:50,210 [INFO] [restartedMain] o.s.w.s.mvc.method.annotation.RequestMappingHandlerMapping [AbstractHandlerMethodMapping.java : 543] Mapped "{[/role/view/{roleId}]}" onto public com.stylefeng.guns.core.base.tips.Tip com.stylefeng.guns.modular.system.controller.RoleController.view(java.lang.Integer)
2018-06-06 09:51:50,211 [INFO] [restartedMain] o.s.w.s.mvc.method.annotation.RequestMappingHandlerMapping [AbstractHandlerMethodMapping.java : 543] Mapped "{[/role/roleTreeListByUserId/{userId}]}" onto public java.util.List<com.stylefeng.guns.core.node.ZTreeNode> com.stylefeng.guns.modular.system.controller.RoleController.roleTreeListByUserId(java.lang.Integer)
2018-06-06 09:51:50,211 [INFO] [restartedMain] o.s.w.s.mvc.method.annotation.RequestMappingHandlerMapping [AbstractHandlerMethodMapping.java : 543] Mapped "{[/role/edit]}" onto public com.stylefeng.guns.core.base.tips.Tip com.stylefeng.guns.modular.system.controller.RoleController.edit(com.stylefeng.guns.common.persistence.model.Role,org.springframework.validation.BindingResult)
2018-06-06 09:51:50,211 [INFO] [restartedMain] o.s.w.s.mvc.method.annotation.RequestMappingHandlerMapping [AbstractHandlerMethodMapping.java : 543] Mapped "{[/role/role_add]}" onto public java.lang.String com.stylefeng.guns.modular.system.controller.RoleController.roleAdd()
2018-06-06 09:51:50,212 [INFO] [restartedMain] o.s.w.s.mvc.method.annotation.RequestMappingHandlerMapping [AbstractHandlerMethodMapping.java : 543] Mapped "{[/role/role_edit/{roleId}]}" onto public java.lang.String com.stylefeng.guns.modular.system.controller.RoleController.roleEdit(java.lang.Integer,org.springframework.ui.Model)
2018-06-06 09:51:50,212 [INFO] [restartedMain] o.s.w.s.mvc.method.annotation.RequestMappingHandlerMapping [AbstractHandlerMethodMapping.java : 543] Mapped "{[/role/role_assign/{roleId}]}" onto public java.lang.String com.stylefeng.guns.modular.system.controller.RoleController.roleAssign(java.lang.Integer,org.springframework.ui.Model)
2018-06-06 09:51:50,212 [INFO] [restartedMain] o.s.w.s.mvc.method.annotation.RequestMappingHandlerMapping [AbstractHandlerMethodMapping.java : 543] Mapped "{[/role/roleTreeList]}" onto public java.util.List<com.stylefeng.guns.core.node.ZTreeNode> com.stylefeng.guns.modular.system.controller.RoleController.roleTreeList()
2018-06-06 09:51:50,213 [INFO] [restartedMain] o.s.w.s.mvc.method.annotation.RequestMappingHandlerMapping [AbstractHandlerMethodMapping.java : 543] Mapped "{[/role/setAuthority]}" onto public com.stylefeng.guns.core.base.tips.Tip com.stylefeng.guns.modular.system.controller.RoleController.setAuthority(java.lang.Integer,java.lang.String)
2018-06-06 09:51:50,215 [INFO] [restartedMain] o.s.w.s.mvc.method.annotation.RequestMappingHandlerMapping [AbstractHandlerMethodMapping.java : 543] Mapped "{[/mgr]}" onto public java.lang.String com.stylefeng.guns.modular.system.controller.UserMgrController.index()
2018-06-06 09:51:50,216 [INFO] [restartedMain] o.s.w.s.mvc.method.annotation.RequestMappingHandlerMapping [AbstractHandlerMethodMapping.java : 543] Mapped "{[/mgr/add]}" onto public com.stylefeng.guns.core.base.tips.Tip com.stylefeng.guns.modular.system.controller.UserMgrController.add(com.stylefeng.guns.modular.system.transfer.UserDto,org.springframework.validation.BindingResult)
2018-06-06 09:51:50,216 [INFO] [restartedMain] o.s.w.s.mvc.method.annotation.RequestMappingHandlerMapping [AbstractHandlerMethodMapping.java : 543] Mapped "{[/mgr/delete]}" onto public com.stylefeng.guns.core.base.tips.Tip com.stylefeng.guns.modular.system.controller.UserMgrController.delete(java.lang.Integer)
2018-06-06 09:51:50,216 [INFO] [restartedMain] o.s.w.s.mvc.method.annotation.RequestMappingHandlerMapping [AbstractHandlerMethodMapping.java : 543] Mapped "{[/mgr/list]}" onto public java.lang.Object com.stylefeng.guns.modular.system.controller.UserMgrController.list(java.lang.String,java.lang.String,java.lang.String,java.lang.Integer)
2018-06-06 09:51:50,217 [INFO] [restartedMain] o.s.w.s.mvc.method.annotation.RequestMappingHandlerMapping [AbstractHandlerMethodMapping.java : 543] Mapped "{[/mgr/reset]}" onto public com.stylefeng.guns.core.base.tips.Tip com.stylefeng.guns.modular.system.controller.UserMgrController.reset(java.lang.Integer)
2018-06-06 09:51:50,217 [INFO] [restartedMain] o.s.w.s.mvc.method.annotation.RequestMappingHandlerMapping [AbstractHandlerMethodMapping.java : 543] Mapped "{[/mgr/user_info]}" onto public java.lang.String com.stylefeng.guns.modular.system.controller.UserMgrController.userInfo(org.springframework.ui.Model)
2018-06-06 09:51:50,217 [INFO] [restartedMain] o.s.w.s.mvc.method.annotation.RequestMappingHandlerMapping [AbstractHandlerMethodMapping.java : 543] Mapped "{[/mgr/setRole]}" onto public com.stylefeng.guns.core.base.tips.Tip com.stylefeng.guns.modular.system.controller.UserMgrController.setRole(java.lang.Integer,java.lang.String)
2018-06-06 09:51:50,218 [INFO] [restartedMain] o.s.w.s.mvc.method.annotation.RequestMappingHandlerMapping [AbstractHandlerMethodMapping.java : 543] Mapped "{[/mgr/view/{userId}]}" onto public com.stylefeng.guns.common.persistence.model.User com.stylefeng.guns.modular.system.controller.UserMgrController.view(java.lang.Integer)
2018-06-06 09:51:50,218 [INFO] [restartedMain] o.s.w.s.mvc.method.annotation.RequestMappingHandlerMapping [AbstractHandlerMethodMapping.java : 543] Mapped "{[/mgr/edit]}" onto public com.stylefeng.guns.core.base.tips.Tip com.stylefeng.guns.modular.system.controller.UserMgrController.edit(com.stylefeng.guns.modular.system.transfer.UserDto,org.springframework.validation.BindingResult) throws javax.naming.NoPermissionException
2018-06-06 09:51:50,218 [INFO] [restartedMain] o.s.w.s.mvc.method.annotation.RequestMappingHandlerMapping [AbstractHandlerMethodMapping.java : 543] Mapped "{[/mgr/role_assign/{userId}]}" onto public java.lang.String com.stylefeng.guns.modular.system.controller.UserMgrController.roleAssign(java.lang.Integer,org.springframework.ui.Model)
2018-06-06 09:51:50,219 [INFO] [restartedMain] o.s.w.s.mvc.method.annotation.RequestMappingHandlerMapping [AbstractHandlerMethodMapping.java : 543] Mapped "{[/mgr/user_edit/{userId}]}" onto public java.lang.String com.stylefeng.guns.modular.system.controller.UserMgrController.userEdit(java.lang.Integer,org.springframework.ui.Model)
2018-06-06 09:51:50,219 [INFO] [restartedMain] o.s.w.s.mvc.method.annotation.RequestMappingHandlerMapping [AbstractHandlerMethodMapping.java : 543] Mapped "{[/mgr/upload],methods=[POST]}" onto public java.lang.String com.stylefeng.guns.modular.system.controller.UserMgrController.upload(org.springframework.web.multipart.MultipartFile)
2018-06-06 09:51:50,220 [INFO] [restartedMain] o.s.w.s.mvc.method.annotation.RequestMappingHandlerMapping [AbstractHandlerMethodMapping.java : 543] Mapped "{[/mgr/unfreeze]}" onto public com.stylefeng.guns.core.base.tips.Tip com.stylefeng.guns.modular.system.controller.UserMgrController.unfreeze(java.lang.Integer)
2018-06-06 09:51:50,220 [INFO] [restartedMain] o.s.w.s.mvc.method.annotation.RequestMappingHandlerMapping [AbstractHandlerMethodMapping.java : 543] Mapped "{[/mgr/user_add]}" onto public java.lang.String com.stylefeng.guns.modular.system.controller.UserMgrController.addView()
2018-06-06 09:51:50,221 [INFO] [restartedMain] o.s.w.s.mvc.method.annotation.RequestMappingHandlerMapping [AbstractHandlerMethodMapping.java : 543] Mapped "{[/mgr/user_chpwd]}" onto public java.lang.String com.stylefeng.guns.modular.system.controller.UserMgrController.chPwd()
2018-06-06 09:51:50,221 [INFO] [restartedMain] o.s.w.s.mvc.method.annotation.RequestMappingHandlerMapping [AbstractHandlerMethodMapping.java : 543] Mapped "{[/mgr/changePwd]}" onto public java.lang.Object com.stylefeng.guns.modular.system.controller.UserMgrController.changePwd(java.lang.String,java.lang.String,java.lang.String)
2018-06-06 09:51:50,221 [INFO] [restartedMain] o.s.w.s.mvc.method.annotation.RequestMappingHandlerMapping [AbstractHandlerMethodMapping.java : 543] Mapped "{[/mgr/freeze]}" onto public com.stylefeng.guns.core.base.tips.Tip com.stylefeng.guns.modular.system.controller.UserMgrController.freeze(java.lang.Integer)
2018-06-06 09:51:50,222 [INFO] [restartedMain] o.s.w.s.mvc.method.annotation.RequestMappingHandlerMapping [AbstractHandlerMethodMapping.java : 543] Mapped "{[/global/sessionError]}" onto public java.lang.String com.stylefeng.guns.core.base.controller.GlobalController.errorPageInfo(org.springframework.ui.Model)
2018-06-06 09:51:50,222 [INFO] [restartedMain] o.s.w.s.mvc.method.annotation.RequestMappingHandlerMapping [AbstractHandlerMethodMapping.java : 543] Mapped "{[/global/error]}" onto public java.lang.String com.stylefeng.guns.core.base.controller.GlobalController.errorPage()
2018-06-06 09:51:50,223 [INFO] [restartedMain] o.s.w.s.mvc.method.annotation.RequestMappingHandlerMapping [AbstractHandlerMethodMapping.java : 543] Mapped "{[/v2/api-docs],methods=[GET]}" onto public org.springframework.http.ResponseEntity<springfox.documentation.spring.web.json.Json> springfox.documentation.swagger2.web.Swagger2Controller.getDocumentation(java.lang.String)
2018-06-06 09:51:50,225 [INFO] [restartedMain] o.s.w.s.mvc.method.annotation.RequestMappingHandlerMapping [AbstractHandlerMethodMapping.java : 543] Mapped "{[/configuration/ui]}" onto org.springframework.http.ResponseEntity<springfox.documentation.swagger.web.UiConfiguration> springfox.documentation.swagger.web.ApiResourceController.uiConfiguration()
2018-06-06 09:51:50,226 [INFO] [restartedMain] o.s.w.s.mvc.method.annotation.RequestMappingHandlerMapping [AbstractHandlerMethodMapping.java : 543] Mapped "{[/swagger-resources]}" onto org.springframework.http.ResponseEntity<java.util.List<springfox.documentation.swagger.web.SwaggerResource>> springfox.documentation.swagger.web.ApiResourceController.swaggerResources()
2018-06-06 09:51:50,227 [INFO] [restartedMain] o.s.w.s.mvc.method.annotation.RequestMappingHandlerMapping [AbstractHandlerMethodMapping.java : 543] Mapped "{[/configuration/security]}" onto org.springframework.http.ResponseEntity<springfox.documentation.swagger.web.SecurityConfiguration> springfox.documentation.swagger.web.ApiResourceController.securityConfiguration()
2018-06-06 09:51:50,229 [INFO] [restartedMain] o.s.w.s.mvc.method.annotation.RequestMappingHandlerMapping [AbstractHandlerMethodMapping.java : 543] Mapped "{[/error]}" onto public org.springframework.http.ResponseEntity<java.util.Map<java.lang.String, java.lang.Object>> org.springframework.boot.autoconfigure.web.BasicErrorController.error(javax.servlet.http.HttpServletRequest)
2018-06-06 09:51:50,229 [INFO] [restartedMain] o.s.w.s.mvc.method.annotation.RequestMappingHandlerMapping [AbstractHandlerMethodMapping.java : 543] Mapped "{[/error],produces=[text/html]}" onto public org.springframework.web.servlet.ModelAndView org.springframework.boot.autoconfigure.web.BasicErrorController.errorHtml(javax.servlet.http.HttpServletRequest,javax.servlet.http.HttpServletResponse)
2018-06-06 09:51:53,034 [INFO] [restartedMain] o.s.w.s.mvc.method.annotation.RequestMappingHandlerAdapter [RequestMappingHandlerAdapter.java : 534] Looking for @ControllerAdvice: org.springframework.boot.context.embedded.AnnotationConfigEmbeddedWebApplicationContext@5b785d3: startup date [Wed Jun 06 09:51:32 CST 2018]; root of context hierarchy
2018-06-06 09:51:53,416 [INFO] [restartedMain] o.s.web.servlet.handler.SimpleUrlHandlerMapping [AbstractUrlHandlerMapping.java : 362] Mapped URL path [/swagger-ui.html] onto handler of type [class org.springframework.web.servlet.resource.ResourceHttpRequestHandler]
2018-06-06 09:51:53,416 [INFO] [restartedMain] o.s.web.servlet.handler.SimpleUrlHandlerMapping [AbstractUrlHandlerMapping.java : 362] Mapped URL path [/webjars/**] onto handler of type [class org.springframework.web.servlet.resource.ResourceHttpRequestHandler]
2018-06-06 09:51:53,417 [INFO] [restartedMain] o.s.web.servlet.handler.SimpleUrlHandlerMapping [AbstractUrlHandlerMapping.java : 362] Mapped URL path [/static/**] onto handler of type [class org.springframework.web.servlet.resource.ResourceHttpRequestHandler]
2018-06-06 09:51:53,495 [INFO] [restartedMain] o.s.w.s.m.m.annotation.ExceptionHandlerExceptionResolver [ExceptionHandlerExceptionResolver.java : 273] Detected @ExceptionHandler methods in globalExceptionHandler
2018-06-06 09:51:53,628 [INFO] [restartedMain] o.s.web.servlet.handler.SimpleUrlHandlerMapping [AbstractUrlHandlerMapping.java : 362] Mapped URL path [/**/favicon.ico] onto handler of type [class org.springframework.web.servlet.resource.ResourceHttpRequestHandler]
2018-06-06 09:51:56,152 [INFO] [restartedMain] o.s.boot.devtools.autoconfigure.OptionalLiveReloadServer [OptionalLiveReloadServer.java : 58] LiveReload server is running on port 35729
2018-06-06 09:51:56,427 [INFO] [restartedMain] o.s.jmx.export.annotation.AnnotationMBeanExporter [MBeanExporter.java : 431] Registering beans for JMX exposure on startup
2018-06-06 09:51:56,445 [INFO] [restartedMain] s.d.spring.web.plugins.DocumentationPluginsBootstrapper [DocumentationPluginsBootstrapper.java : 80] Context refreshed
2018-06-06 09:51:56,473 [INFO] [restartedMain] s.d.spring.web.plugins.DocumentationPluginsBootstrapper [DocumentationPluginsBootstrapper.java : 83] Found {0} custom documentation plugin(s)
2018-06-06 09:51:56,485 [INFO] [restartedMain] s.d.spring.web.scanners.ApiListingReferenceScanner [ApiListingReferenceScanner.java : 53] Scanning for api listing references
2018-06-06 09:51:56,492 [INFO] [restartedMain] s.d.swagger.web.ClassOrApiAnnotationResourceGrouping [ClassOrApiAnnotationResourceGrouping.java : 100] Group for method generate was code-controller
2018-06-06 09:51:56,495 [INFO] [restartedMain] s.d.spring.web.scanners.ApiListingReferenceScanner [ApiListingReferenceScanner.java : 72] Request mapping: generate belongs to groups: [[ResourceGroup{groupName='code-controller', position=0, controller=com.stylefeng.guns.modular.code.controller.CodeController}]] 
2018-06-06 09:51:56,508 [INFO] [restartedMain] s.d.spring.web.scanners.ApiListingReferenceScanner [ApiListingReferenceScanner.java : 84] Created resource listing Path: /default/code-controller Description: code-controller Position: 0
2018-06-06 09:51:56,529 [INFO] [restartedMain] springfox.documentation.schema.ModelContextKeyGenerator [ModelContextKeyGenerator.java : 46] Cache Key Generated: java.lang.Object(true)
2018-06-06 09:51:56,530 [INFO] [restartedMain] springfox.documentation.spring.web.caching.CachingAspect [CachingAspect.java : 79] Caching aspect applied for cache models with key java.lang.Object(true)
2018-06-06 09:51:56,535 [INFO] [restartedMain] springfox.documentation.schema.ModelContextKeyGenerator [ModelContextKeyGenerator.java : 46] Cache Key Generated: java.lang.Object(true)
2018-06-06 09:51:56,535 [INFO] [restartedMain] springfox.documentation.spring.web.caching.CachingAspect [CachingAspect.java : 79] Caching aspect applied for cache modelDependencies with key java.lang.Object(true)
2018-06-06 09:51:56,540 [INFO] [restartedMain] springfox.documentation.spring.web.OperationsKeyGenerator [OperationsKeyGenerator.java : 51] Cache key generated: /code/generate.com.stylefeng.guns.modular.code.controller.CodeController.generate.DefaultGenericTypeNamingStrategy
2018-06-06 09:51:56,541 [INFO] [restartedMain] springfox.documentation.spring.web.caching.CachingAspect [CachingAspect.java : 68] Caching aspect applied for cache operations with key /code/generate.com.stylefeng.guns.modular.code.controller.CodeController.generate.DefaultGenericTypeNamingStrategy
2018-06-06 09:51:56,557 [INFO] [restartedMain] s.d.swagger.web.ClassOrApiAnnotationResourceGrouping [ClassOrApiAnnotationResourceGrouping.java : 100] Group for method generate was code-controller
2018-06-06 09:51:56,571 [INFO] [restartedMain] s.d.swagger.web.ClassOrApiAnnotationResourceGrouping [ClassOrApiAnnotationResourceGrouping.java : 100] Group for method generate was code-controller
2018-06-06 09:51:56,887 [INFO] [restartedMain] o.s.b.context.embedded.tomcat.TomcatEmbeddedServletContainer [TomcatEmbeddedServletContainer.java : 198] Tomcat started on port(s): 80 (http)
2018-06-06 09:51:56,901 [INFO] [restartedMain] com.stylefeng.guns.GunsApplication [StartupInfoLogger.java : 57] Started GunsApplication in 24.729 seconds (JVM running for 26.542)
2018-06-06 09:51:56,902 [INFO] [restartedMain] com.stylefeng.guns.GunsApplication [GunsApplication.java : 39] GunsApplication is success!
